# JRE version: Java(TM) SE Runtime Environment (12.0.2+10) (build 12.0.2+10)
# Java VM: Java HotSpot(TM) 64-Bit Server VM (12.0.2+10, mixed mode, sharing, tiered, compressed oops, g1 gc, windows-amd64)
Heap:
 garbage-first heap   total 51200K, used 30839K [0x0000000082000000, 0x0000000100000000)
  region size 1024K, 12 young (12288K), 2 survivors (2048K)
 Metaspace       used 39878K, capacity 41064K, committed 41420K, reserved 1085440K
  class space    used 5316K, capacity 5780K, committed 5888K, reserved 1048576K
GC Heap History (10 events):
Event: 21.532 GC heap before
{Heap before GC invocations=11 (full 0):
 garbage-first heap   total 51200K, used 40621K [0x0000000082000000, 0x0000000100000000)
  region size 1024K, 26 young (26624K), 3 survivors (3072K)
 Metaspace       used 29573K, capacity 30673K, committed 30976K, reserved 1075200K
  class space    used 3864K, capacity 4282K, committed 4352K, reserved 1048576K
}
Event: 21.549 GC heap after
{Heap after GC invocations=12 (full 0):
 garbage-first heap   total 51200K, used 18008K [0x0000000082000000, 0x0000000100000000)
  region size 1024K, 3 young (3072K), 3 survivors (3072K)
 Metaspace       used 29573K, capacity 30673K, committed 30976K, reserved 1075200K
  class space    used 3864K, capacity 4282K, committed 4352K, reserved 1048576K
}
Event: 23.235 GC heap before
{Heap before GC invocations=12 (full 0):
 garbage-first heap   total 51200K, used 40536K [0x0000000082000000, 0x0000000100000000)
  region size 1024K, 25 young (25600K), 3 survivors (3072K)
 Metaspace       used 30294K, capacity 31437K, committed 31616K, reserved 1077248K
  class space    used 3968K, capacity 4408K, committed 4480K, reserved 1048576K
}
Event: 23.253 GC heap after
{Heap after GC invocations=13 (full 0):
 garbage-first heap   total 51200K, used 18891K [0x0000000082000000, 0x0000000100000000)
  region size 1024K, 3 young (3072K), 3 survivors (3072K)
 Metaspace       used 30294K, capacity 31437K, committed 31616K, reserved 1077248K
  class space    used 3968K, capacity 4408K, committed 4480K, reserved 1048576K
}
Event: 24.896 GC heap before
{Heap before GC invocations=13 (full 0):
 garbage-first heap   total 51200K, used 39371K [0x0000000082000000, 0x0000000100000000)
  region size 1024K, 24 young (24576K), 3 survivors (3072K)
 Metaspace       used 33291K, capacity 34371K, committed 34432K, reserved 1079296K
  class space    used 4277K, capacity 4725K, committed 4736K, reserved 1048576K
}
Event: 24.911 GC heap after
{Heap after GC invocations=14 (full 0):
 garbage-first heap   total 51200K, used 20312K [0x0000000082000000, 0x0000000100000000)
  region size 1024K, 3 young (3072K), 3 survivors (3072K)
 Metaspace       used 33291K, capacity 34371K, committed 34432K, reserved 1079296K
  class space    used 4277K, capacity 4725K, committed 4736K, reserved 1048576K
}
Event: 25.999 GC heap before
{Heap before GC invocations=14 (full 0):
 garbage-first heap   total 51200K, used 35672K [0x0000000082000000, 0x0000000100000000)
  region size 1024K, 19 young (19456K), 3 survivors (3072K)
 Metaspace       used 34764K, capacity 35819K, committed 35840K, reserved 1081344K
  class space    used 4429K, capacity 4864K, committed 4864K, reserved 1048576K
}
Event: 26.010 GC heap after
{Heap after GC invocations=15 (full 0):
 garbage-first heap   total 51200K, used 21057K [0x0000000082000000, 0x0000000100000000)
  region size 1024K, 3 young (3072K), 3 survivors (3072K)
 Metaspace       used 34764K, capacity 35819K, committed 35840K, reserved 1081344K
  class space    used 4429K, capacity 4864K, committed 4864K, reserved 1048576K
}
Event: 28.182 GC heap before
{Heap before GC invocations=16 (full 0):
 garbage-first heap   total 51200K, used 39489K [0x0000000082000000, 0x0000000100000000)
  region size 1024K, 22 young (22528K), 3 survivors (3072K)
 Metaspace       used 38017K, capacity 39156K, committed 39244K, reserved 1083392K
  class space    used 4978K, capacity 5421K, committed 5504K, reserved 1048576K
}
Event: 28.195 GC heap after
{Heap after GC invocations=17 (full 0):
 garbage-first heap   total 51200K, used 21623K [0x0000000082000000, 0x0000000100000000)
  region size 1024K, 2 young (2048K), 2 survivors (2048K)
 Metaspace       used 38017K, capacity 39156K, committed 39244K, reserved 1083392K
  class space    used 4978K, capacity 5421K, committed 5504K, reserved 1048576K
}

