# JRE version: Java(TM) SE Runtime Environment (12.0.2+10) (build 12.0.2+10)
# Java VM: Java HotSpot(TM) 64-Bit Server VM (12.0.2+10, mixed mode, sharing, tiered, compressed oops, g1 gc, windows-amd64)
Heap:
 garbage-first heap   total 61440K, used 22680K [0x0000000082000000, 0x0000000100000000)
  region size 1024K, 5 young (5120K), 2 survivors (2048K)
 Metaspace       used 34730K, capacity 35881K, committed 36096K, reserved 1081344K
  class space    used 4426K, capacity 4863K, committed 4864K, reserved 1048576K
GC Heap History (10 events):
Event: 11.710 GC heap before
{Heap before GC invocations=10 (full 0):
 garbage-first heap   total 51200K, used 39539K [0x0000000082000000, 0x0000000100000000)
  region size 1024K, 26 young (26624K), 3 survivors (3072K)
 Metaspace       used 27566K, capacity 28643K, committed 28928K, reserved 1075200K
  class space    used 3605K, capacity 4022K, committed 4096K, reserved 1048576K
}
Event: 11.723 GC heap after
{Heap after GC invocations=11 (full 0):
 garbage-first heap   total 51200K, used 16881K [0x0000000082000000, 0x0000000100000000)
  region size 1024K, 3 young (3072K), 3 survivors (3072K)
 Metaspace       used 27566K, capacity 28643K, committed 28928K, reserved 1075200K
  class space    used 3605K, capacity 4022K, committed 4096K, reserved 1048576K
}
Event: 13.807 GC heap before
{Heap before GC invocations=11 (full 0):
 garbage-first heap   total 51200K, used 40433K [0x0000000082000000, 0x0000000100000000)
  region size 1024K, 26 young (26624K), 3 survivors (3072K)
 Metaspace       used 29729K, capacity 30838K, committed 30976K, reserved 1075200K
  class space    used 3884K, capacity 4316K, committed 4352K, reserved 1048576K
}
Event: 13.823 GC heap after
{Heap after GC invocations=12 (full 0):
 garbage-first heap   total 51200K, used 17965K [0x0000000082000000, 0x0000000100000000)
  region size 1024K, 3 young (3072K), 3 survivors (3072K)
 Metaspace       used 29729K, capacity 30838K, committed 30976K, reserved 1075200K
  class space    used 3884K, capacity 4316K, committed 4352K, reserved 1048576K
}
Event: 15.041 GC heap before
{Heap before GC invocations=12 (full 0):
 garbage-first heap   total 51200K, used 40493K [0x0000000082000000, 0x0000000100000000)
  region size 1024K, 25 young (25600K), 3 survivors (3072K)
 Metaspace       used 30445K, capacity 31604K, committed 31872K, reserved 1077248K
  class space    used 3992K, capacity 4422K, committed 4480K, reserved 1048576K
}
Event: 15.056 GC heap after
{Heap after GC invocations=13 (full 0):
 garbage-first heap   total 61440K, used 18821K [0x0000000082000000, 0x0000000100000000)
  region size 1024K, 3 young (3072K), 3 survivors (3072K)
 Metaspace       used 30445K, capacity 31604K, committed 31872K, reserved 1077248K
  class space    used 3992K, capacity 4422K, committed 4480K, reserved 1048576K
}
Event: 17.015 GC heap before
{Heap before GC invocations=13 (full 0):
 garbage-first heap   total 61440K, used 45445K [0x0000000082000000, 0x0000000100000000)
  region size 1024K, 29 young (29696K), 3 survivors (3072K)
 Metaspace       used 34175K, capacity 35323K, committed 35584K, reserved 1079296K
  class space    used 4371K, capacity 4827K, committed 4864K, reserved 1048576K
}
Event: 17.031 GC heap after
{Heap after GC invocations=14 (full 0):
 garbage-first heap   total 61440K, used 20423K [0x0000000082000000, 0x0000000100000000)
  region size 1024K, 3 young (3072K), 3 survivors (3072K)
 Metaspace       used 34175K, capacity 35323K, committed 35584K, reserved 1079296K
  class space    used 4371K, capacity 4827K, committed 4864K, reserved 1048576K
}
Event: 17.277 GC heap before
{Heap before GC invocations=14 (full 0):
 garbage-first heap   total 61440K, used 22471K [0x0000000082000000, 0x0000000100000000)
  region size 1024K, 7 young (7168K), 3 survivors (3072K)
 Metaspace       used 34698K, capacity 35817K, committed 35840K, reserved 1081344K
  class space    used 4415K, capacity 4863K, committed 4864K, reserved 1048576K
}
Event: 17.287 GC heap after
{Heap after GC invocations=15 (full 0):
 garbage-first heap   total 61440K, used 20632K [0x0000000082000000, 0x0000000100000000)
  region size 1024K, 2 young (2048K), 2 survivors (2048K)
 Metaspace       used 34698K, capacity 35817K, committed 35840K, reserved 1081344K
  class space    used 4415K, capacity 4863K, committed 4864K, reserved 1048576K
}

