# JRE version: Java(TM) SE Runtime Environment (12.0.2+10) (build 12.0.2+10)
# Java VM: Java HotSpot(TM) 64-Bit Server VM (12.0.2+10, mixed mode, sharing, tiered, compressed oops, g1 gc, windows-amd64)
Heap:
 garbage-first heap   total 84992K, used 33789K [0x0000000082000000, 0x0000000100000000)
  region size 1024K, 2 young (2048K), 2 survivors (2048K)
 Metaspace       used 57120K, capacity 58791K, committed 58828K, reserved 1107968K
  class space    used 8069K, capacity 8697K, committed 8704K, reserved 1048576K
GC Heap History (10 events):
Event: 36.475 GC heap before
{Heap before GC invocations=27 (full 0):
 garbage-first heap   total 70656K, used 52610K [0x0000000082000000, 0x0000000100000000)
  region size 1024K, 26 young (26624K), 3 survivors (3072K)
 Metaspace       used 52213K, capacity 53768K, committed 54092K, reserved 1095680K
  class space    used 7382K, capacity 7967K, committed 8064K, reserved 1048576K
}
Event: 36.486 GC heap after
{Heap after GC invocations=28 (full 0):
 garbage-first heap   total 70656K, used 29926K [0x0000000082000000, 0x0000000100000000)
  region size 1024K, 3 young (3072K), 3 survivors (3072K)
 Metaspace       used 52213K, capacity 53768K, committed 54092K, reserved 1095680K
  class space    used 7382K, capacity 7967K, committed 8064K, reserved 1048576K
}
Event: 37.542 GC heap before
{Heap before GC invocations=28 (full 0):
 garbage-first heap   total 70656K, used 53478K [0x0000000082000000, 0x0000000100000000)
  region size 1024K, 26 young (26624K), 3 survivors (3072K)
 Metaspace       used 53338K, capacity 54878K, committed 54988K, reserved 1095680K
  class space    used 7558K, capacity 8147K, committed 8192K, reserved 1048576K
}
Event: 37.552 GC heap after
{Heap after GC invocations=29 (full 0):
 garbage-first heap   total 70656K, used 30831K [0x0000000082000000, 0x0000000100000000)
  region size 1024K, 3 young (3072K), 3 survivors (3072K)
 Metaspace       used 53338K, capacity 54878K, committed 54988K, reserved 1095680K
  class space    used 7558K, capacity 8147K, committed 8192K, reserved 1048576K
}
Event: 38.354 GC heap before
{Heap before GC invocations=29 (full 0):
 garbage-first heap   total 70656K, used 54383K [0x0000000082000000, 0x0000000100000000)
  region size 1024K, 26 young (26624K), 3 survivors (3072K)
 Metaspace       used 54522K, capacity 56094K, committed 56140K, reserved 1097728K
  class space    used 7728K, capacity 8317K, committed 8320K, reserved 1048576K
}
Event: 38.365 GC heap after
{Heap after GC invocations=30 (full 0):
 garbage-first heap   total 84992K, used 31965K [0x0000000082000000, 0x0000000100000000)
  region size 1024K, 3 young (3072K), 3 survivors (3072K)
 Metaspace       used 54522K, capacity 56094K, committed 56140K, reserved 1097728K
  class space    used 7728K, capacity 8317K, committed 8320K, reserved 1048576K
}
Event: 40.978 GC heap before
{Heap before GC invocations=30 (full 0):
 garbage-first heap   total 84992K, used 60637K [0x0000000082000000, 0x0000000100000000)
  region size 1024K, 31 young (31744K), 3 survivors (3072K)
 Metaspace       used 56235K, capacity 57925K, committed 58060K, reserved 1099776K
  class space    used 7976K, capacity 8623K, committed 8704K, reserved 1048576K
}
Event: 40.991 GC heap after
{Heap after GC invocations=31 (full 0):
 garbage-first heap   total 84992K, used 33469K [0x0000000082000000, 0x0000000100000000)
  region size 1024K, 4 young (4096K), 4 survivors (4096K)
 Metaspace       used 56235K, capacity 57925K, committed 58060K, reserved 1099776K
  class space    used 7976K, capacity 8623K, committed 8704K, reserved 1048576K
}
Event: 99.304 GC heap before
{Heap before GC invocations=31 (full 0):
 garbage-first heap   total 84992K, used 44733K [0x0000000082000000, 0x0000000100000000)
  region size 1024K, 17 young (17408K), 4 survivors (4096K)
 Metaspace       used 57120K, capacity 58791K, committed 58828K, reserved 1105920K
  class space    used 8069K, capacity 8697K, committed 8704K, reserved 1048576K
}
Event: 99.322 GC heap after
{Heap after GC invocations=32 (full 0):
 garbage-first heap   total 84992K, used 33789K [0x0000000082000000, 0x0000000100000000)
  region size 1024K, 2 young (2048K), 2 survivors (2048K)
 Metaspace       used 57120K, capacity 58791K, committed 58828K, reserved 1105920K
  class space    used 8069K, capacity 8697K, committed 8704K, reserved 1048576K
}

