# JRE version: Java(TM) SE Runtime Environment (12.0.2+10) (build 12.0.2+10)
# Java VM: Java HotSpot(TM) 64-Bit Server VM (12.0.2+10, mixed mode, sharing, tiered, compressed oops, g1 gc, windows-amd64)
Heap:
 garbage-first heap   total 70656K, used 33843K [0x0000000082000000, 0x0000000100000000)
  region size 1024K, 12 young (12288K), 3 survivors (3072K)
 Metaspace       used 52621K, capacity 53963K, committed 54272K, reserved 1095680K
  class space    used 7064K, capacity 7573K, committed 7680K, reserved 1048576K
GC Heap History (10 events):
Event: 23.717 GC heap before
{Heap before GC invocations=17 (full 0):
 garbage-first heap   total 58368K, used 39317K [0x0000000082000000, 0x0000000100000000)
  region size 1024K, 21 young (21504K), 2 survivors (2048K)
 Metaspace       used 37489K, capacity 38672K, committed 38912K, reserved 1083392K
  class space    used 4880K, capacity 5346K, committed 5376K, reserved 1048576K
}
Event: 23.727 GC heap after
{Heap after GC invocations=18 (full 0):
 garbage-first heap   total 70656K, used 21456K [0x0000000082000000, 0x0000000100000000)
  region size 1024K, 2 young (2048K), 2 survivors (2048K)
 Metaspace       used 37489K, capacity 38672K, committed 38912K, reserved 1083392K
  class space    used 4880K, capacity 5346K, committed 5376K, reserved 1048576K
}
Event: 24.695 GC heap before
{Heap before GC invocations=18 (full 0):
 garbage-first heap   total 70656K, used 48080K [0x0000000082000000, 0x0000000100000000)
  region size 1024K, 28 young (28672K), 2 survivors (2048K)
 Metaspace       used 42218K, capacity 43372K, committed 43520K, reserved 1087488K
  class space    used 5594K, capacity 6037K, committed 6144K, reserved 1048576K
}
Event: 24.706 GC heap after
{Heap after GC invocations=19 (full 0):
 garbage-first heap   total 70656K, used 22542K [0x0000000082000000, 0x0000000100000000)
  region size 1024K, 3 young (3072K), 3 survivors (3072K)
 Metaspace       used 42218K, capacity 43372K, committed 43520K, reserved 1087488K
  class space    used 5594K, capacity 6037K, committed 6144K, reserved 1048576K
}
Event: 25.625 GC heap before
{Heap before GC invocations=19 (full 0):
 garbage-first heap   total 70656K, used 49166K [0x0000000082000000, 0x0000000100000000)
  region size 1024K, 29 young (29696K), 3 survivors (3072K)
 Metaspace       used 46072K, capacity 47271K, committed 47616K, reserved 1089536K
  class space    used 6103K, capacity 6546K, committed 6656K, reserved 1048576K
}
Event: 25.639 GC heap after
{Heap after GC invocations=20 (full 0):
 garbage-first heap   total 70656K, used 23547K [0x0000000082000000, 0x0000000100000000)
  region size 1024K, 3 young (3072K), 3 survivors (3072K)
 Metaspace       used 46072K, capacity 47271K, committed 47616K, reserved 1089536K
  class space    used 6103K, capacity 6546K, committed 6656K, reserved 1048576K
}
Event: 26.652 GC heap before
{Heap before GC invocations=20 (full 0):
 garbage-first heap   total 70656K, used 50171K [0x0000000082000000, 0x0000000100000000)
  region size 1024K, 29 young (29696K), 3 survivors (3072K)
 Metaspace       used 49613K, capacity 50841K, committed 51072K, reserved 1093632K
  class space    used 6682K, capacity 7173K, committed 7296K, reserved 1048576K
}
Event: 26.666 GC heap after
{Heap after GC invocations=21 (full 0):
 garbage-first heap   total 70656K, used 24449K [0x0000000082000000, 0x0000000100000000)
  region size 1024K, 3 young (3072K), 3 survivors (3072K)
 Metaspace       used 49613K, capacity 50841K, committed 51072K, reserved 1093632K
  class space    used 6682K, capacity 7173K, committed 7296K, reserved 1048576K
}
Event: 28.071 GC heap before
{Heap before GC invocations=21 (full 0):
 garbage-first heap   total 70656K, used 51073K [0x0000000082000000, 0x0000000100000000)
  region size 1024K, 30 young (30720K), 3 survivors (3072K)
 Metaspace       used 51190K, capacity 52477K, committed 52736K, reserved 1095680K
  class space    used 6886K, capacity 7354K, committed 7424K, reserved 1048576K
}
Event: 28.086 GC heap after
{Heap after GC invocations=22 (full 0):
 garbage-first heap   total 70656K, used 25651K [0x0000000082000000, 0x0000000100000000)
  region size 1024K, 3 young (3072K), 3 survivors (3072K)
 Metaspace       used 51190K, capacity 52477K, committed 52736K, reserved 1095680K
  class space    used 6886K, capacity 7354K, committed 7424K, reserved 1048576K
}

